[33m[nodemon] 3.0.1[39m
[33m[nodemon] to restart at any time, enter `rs`[39m
[33m[nodemon] watching path(s): *.*[39m
[33m[nodemon] watching extensions: js,mjs,cjs,json[39m
[32m[nodemon] starting `node .`[39m
node:events:491
      throw er; // Unhandled 'error' event
      ^

Error: EBADF: bad file descriptor, read
Emitted 'error' event on ReadStream instance at:
    at emitErrorNT (node:internal/streams/destroy:157:8)
    at errorOrDestroy (node:internal/streams/destroy:220:7)
    at node:internal/fs/streams:262:9
    at FSReqCallback.wrapper [as oncomplete] (node:fs:671:5) {
  errno: -9,
  code: 'EBADF',
  syscall: 'read'
}
[33m[nodemon] 3.0.1[39m
[33m[nodemon] to restart at any time, enter `rs`[39m
[33m[nodemon] watching path(s): *.*[39m
[33m[nodemon] watching extensions: js,mjs,cjs,json[39m
[32m[nodemon] starting `node .`[39m
node:events:491
      throw er; // Unhandled 'error' event
      ^

Error: EBADF: bad file descriptor, read
Emitted 'error' event on ReadStream instance at:
    at emitErrorNT (node:internal/streams/destroy:157:8)
    at errorOrDestroy (node:internal/streams/destroy:220:7)
    at node:internal/fs/streams:262:9
    at FSReqCallback.wrapper [as oncomplete] (node:fs:671:5) {
  errno: -9,
  code: 'EBADF',
  syscall: 'read'
}
